0 info it worked if it ends with ok
1 verbose cli [ '/home/ysytnik/.nvm/versions/node/v6.1.0/bin/node',
1 verbose cli   '/home/ysytnik/.nvm/versions/node/v6.1.0/bin/npm',
1 verbose cli   'start' ]
2 info using npm@3.8.6
3 info using node@v6.1.0
4 verbose run-script [ 'prestart', 'start', 'poststart' ]
5 info lifecycle mongodb_crud@1.0.0~prestart: mongodb_crud@1.0.0
6 silly lifecycle mongodb_crud@1.0.0~prestart: no script for prestart, continuing
7 info lifecycle mongodb_crud@1.0.0~start: mongodb_crud@1.0.0
8 verbose lifecycle mongodb_crud@1.0.0~start: unsafe-perm in lifecycle true
9 verbose lifecycle mongodb_crud@1.0.0~start: PATH: /home/ysytnik/.nvm/versions/node/v6.1.0/lib/node_modules/npm/bin/node-gyp-bin:/mnt/d/Documents/code/mongodb_crud/node_modules/.bin:/home/ysytnik/.nvm/versions/node/v6.1.0/bin:/home/ysytnik/.nvm/versions/node/v6.1.0/bin:/home/ysytnik/bin/:/home/ysytnik/.local/bin:/usr/local/sbin:/usr/local/bin:/usr/sbin:/usr/bin:/sbin:/bin:/usr/games:/usr/local/games:/mnt/c/ProgramData/DockerDesktop/version-bin:/mnt/c/Program Files/Docker/Docker/resources/bin:/mnt/c/Program Files (x86)/Microsoft SDKs/Azure/CLI2/wbin:/mnt/c/Program Files (x86)/Common Files/Oracle/Java/javapath_target_4460609:/mnt/c/Program Files (x86)/Intel/Intel(R) Management Engine Components/iCLS:/mnt/c/Program Files/Intel/Intel(R) Management Engine Components/iCLS:/mnt/c/Windows/System32:/mnt/c/Windows:/mnt/c/Windows/System32/wbem:/mnt/c/Windows/System32/WindowsPowerShell/v1.0:/mnt/c/Windows/System32/OpenSSH:/mnt/c/Program Files (x86)/Intel/Intel(R) Management Engine Components/DAL:/mnt/c/Program Files/Intel/Intel(R) Management Engine Components/DAL:/mnt/c/Program Files (x86)/Intel/Intel(R) Management Engine Components/IPT:/mnt/c/Program Files/Intel/Intel(R) Management Engine Components/IPT:/mnt/c/Program Files/Intel/WiFi/bin:/mnt/c/Program Files/Common Files/Intel/WirelessCommon:/mnt/c/Program Files/terraform:/mnt/c/Program Files/nodejs:/mnt/c/ProgramData/chocolatey/bin:/mnt/c/Program Files/Amazon/AWSCLI/bin:/mnt/c/Users/ysy3908/AppData/Local/Programs/Microsoft VS Code/bin:/snap/bin:/mnt/c/Program\ Files/Docker/resources/bin
10 verbose lifecycle mongodb_crud@1.0.0~start: CWD: /mnt/d/Documents/code/mongodb_crud
11 silly lifecycle mongodb_crud@1.0.0~start: Args: [ '-c', 'node app.js' ]
12 silly lifecycle mongodb_crud@1.0.0~start: Returned: code: 1  signal: null
13 info lifecycle mongodb_crud@1.0.0~start: Failed to exec start script
14 verbose stack Error: mongodb_crud@1.0.0 start: `node app.js`
14 verbose stack Exit status 1
14 verbose stack     at EventEmitter.<anonymous> (/home/ysytnik/.nvm/versions/node/v6.1.0/lib/node_modules/npm/lib/utils/lifecycle.js:239:16)
14 verbose stack     at emitTwo (events.js:106:13)
14 verbose stack     at EventEmitter.emit (events.js:191:7)
14 verbose stack     at ChildProcess.<anonymous> (/home/ysytnik/.nvm/versions/node/v6.1.0/lib/node_modules/npm/lib/utils/spawn.js:24:14)
14 verbose stack     at emitTwo (events.js:106:13)
14 verbose stack     at ChildProcess.emit (events.js:191:7)
14 verbose stack     at maybeClose (internal/child_process.js:850:16)
14 verbose stack     at Process.ChildProcess._handle.onexit (internal/child_process.js:215:5)
15 verbose pkgid mongodb_crud@1.0.0
16 verbose cwd /mnt/d/Documents/code/mongodb_crud
17 error Linux 4.4.0-17134-Microsoft
18 error argv "/home/ysytnik/.nvm/versions/node/v6.1.0/bin/node" "/home/ysytnik/.nvm/versions/node/v6.1.0/bin/npm" "start"
19 error node v6.1.0
20 error npm  v3.8.6
21 error code ELIFECYCLE
22 error mongodb_crud@1.0.0 start: `node app.js`
22 error Exit status 1
23 error Failed at the mongodb_crud@1.0.0 start script 'node app.js'.
23 error Make sure you have the latest version of node.js and npm installed.
23 error If you do, this is most likely a problem with the mongodb_crud package,
23 error not with npm itself.
23 error Tell the author that this fails on your system:
23 error     node app.js
23 error You can get information on how to open an issue for this project with:
23 error     npm bugs mongodb_crud
23 error Or if that isn't available, you can get their info via:
23 error     npm owner ls mongodb_crud
23 error There is likely additional logging output above.
24 verbose exit [ 1, true ]
